<?xml version="1.0" encoding="UTF-8"?>
<!-- Generated by org.testng.reporters.JUnitXMLReporter -->
<testsuite hostname="KimiAgarwal" name="Test" tests="1" failures="1" timestamp="17 May 2017 08:26:36 GMT" time="25.527" errors="0">
  <testcase name="login_English" time="0.301" classname="com.DOTMobileAutomation.testcase.Login_English">
    <failure type="org.openqa.selenium.NoSuchElementException" message="An element could not be located on the page using the given search parameters. (WARNING: The server did not provide any stacktrace information)
Command duration or timeout: 285 milliseconds
For documentation on this error, please visit: http://seleniumhq.org/exceptions/no_such_element.html
Build info: version: &amp;apos;3.4.0&amp;apos;, revision: &amp;apos;unknown&amp;apos;, time: &amp;apos;unknown&amp;apos;
System info: host: &amp;apos;KIMIAGARWAL&amp;apos;, ip: &amp;apos;10.1.1.177&amp;apos;, os.name: &amp;apos;Windows 7&amp;apos;, os.arch: &amp;apos;amd64&amp;apos;, os.version: &amp;apos;6.1&amp;apos;, java.version: &amp;apos;1.8.0_121&amp;apos;
Driver info: org.openqa.selenium.remote.RemoteWebDriver
Capabilities [{appPackage=dotrips.com.dotrips.qa, app=D:/Softwares/APK/News/app-uat-release.apk, networkConnectionEnabled=true, warnings={}, appiumVersion=1.4.13.1, appWaitActivity=com.dotrips.ui.activity.ActivityWalkThrough, databaseEnabled=false, deviceName=42005733dc4c9399, version=6.0.1, platform=LINUX, appActivity=com.dotrips.ui.activity.SplashActivity, desired={appPackage=dotrips.com.dotrips.qa, appActivity=com.dotrips.ui.activity.SplashActivity, app=D:/Softwares/APK/News/app-uat-release.apk, appiumVersion=1.4.13.1, appWaitActivity=com.dotrips.ui.activity.ActivityWalkThrough, browserName=, platformName=Android, deviceName=42005733dc4c9399, version=6.0.1}, platformVersion=6.0.1, webStorageEnabled=false, locationContextEnabled=false, browserName=, takesScreenshot=true, javascriptEnabled=true, platformName=Android}]
Session ID: c27437be-1b19-4342-a6fc-ceb80a2c00b4
*** Element info: {Using=id, value=dotrips.com.dotrips.qa:id/button_login_submit}">
      <![CDATA[org.openqa.selenium.NoSuchElementException: An element could not be located on the page using the given search parameters. (WARNING: The server did not provide any stacktrace information)
Command duration or timeout: 285 milliseconds
For documentation on this error, please visit: http://seleniumhq.org/exceptions/no_such_element.html
Build info: version: '3.4.0', revision: 'unknown', time: 'unknown'
System info: host: 'KIMIAGARWAL', ip: '10.1.1.177', os.name: 'Windows 7', os.arch: 'amd64', os.version: '6.1', java.version: '1.8.0_121'
Driver info: org.openqa.selenium.remote.RemoteWebDriver
Capabilities [{appPackage=dotrips.com.dotrips.qa, app=D:/Softwares/APK/News/app-uat-release.apk, networkConnectionEnabled=true, warnings={}, appiumVersion=1.4.13.1, appWaitActivity=com.dotrips.ui.activity.ActivityWalkThrough, databaseEnabled=false, deviceName=42005733dc4c9399, version=6.0.1, platform=LINUX, appActivity=com.dotrips.ui.activity.SplashActivity, desired={appPackage=dotrips.com.dotrips.qa, appActivity=com.dotrips.ui.activity.SplashActivity, app=D:/Softwares/APK/News/app-uat-release.apk, appiumVersion=1.4.13.1, appWaitActivity=com.dotrips.ui.activity.ActivityWalkThrough, browserName=, platformName=Android, deviceName=42005733dc4c9399, version=6.0.1}, platformVersion=6.0.1, webStorageEnabled=false, locationContextEnabled=false, browserName=, takesScreenshot=true, javascriptEnabled=true, platformName=Android}]
Session ID: c27437be-1b19-4342-a6fc-ceb80a2c00b4
*** Element info: {Using=id, value=dotrips.com.dotrips.qa:id/button_login_submit}
	at org.openqa.selenium.remote.ErrorHandler.createThrowable(ErrorHandler.java:215)
	at org.openqa.selenium.remote.ErrorHandler.throwIfResponseFailed(ErrorHandler.java:167)
	at org.openqa.selenium.remote.RemoteWebDriver.execute(RemoteWebDriver.java:671)
	at org.openqa.selenium.remote.RemoteWebDriver.findElement(RemoteWebDriver.java:410)
	at org.openqa.selenium.remote.RemoteWebDriver.findElementById(RemoteWebDriver.java:453)
	at org.openqa.selenium.By$ById.findElement(By.java:218)
	at org.openqa.selenium.remote.RemoteWebDriver.findElement(RemoteWebDriver.java:402)
	at com.DOTMobileAutomation.objectrepository.loginScreen.getLoginBtn(loginScreen.java:31)
	at com.DOTMobileAutomation.testcase.Login_English.login_English(Login_English.java:17)
... Removed 28 stack frames]]>
    </failure>
  </testcase> <!-- login_English -->
</testsuite> <!-- Test -->
